<?xml version="1.0" encoding="UTF-8"?>
<!-- Generated by org.testng.reporters.JUnitReportReporter -->
<testsuite hostname="LX-BLR-LT-002" failures="0" tests="25" name="MayurTest.AllTestCasesLinkCxoApp" time="0.300" errors="1" timestamp="2024-11-04T15:23:58 IST" skipped="24">
  <testcase classname="MayurTest.AllTestCasesLinkCxoApp" name="SetUp" time="0.300">
    <error message="Connection refused: getsockopt
Build info: version: &#039;3.141.59&#039;, revision: &#039;e82be7d358&#039;, time: &#039;2018-11-14T08:17:03&#039;
System info: host: &#039;LX-BLR-LT-002&#039;, ip: &#039;10.36.56.74&#039;, os.name: &#039;Windows 11&#039;, os.arch: &#039;amd64&#039;, os.version: &#039;10.0&#039;, java.version: &#039;21.0.2&#039;
Driver info: driver.version: AndroidDriver" type="org.openqa.selenium.WebDriverException">
      <![CDATA[org.openqa.selenium.WebDriverException: Connection refused: getsockopt
Build info: version: '3.141.59', revision: 'e82be7d358', time: '2018-11-14T08:17:03'
System info: host: 'LX-BLR-LT-002', ip: '10.36.56.74', os.name: 'Windows 11', os.arch: 'amd64', os.version: '10.0', java.version: '21.0.2'
Driver info: driver.version: AndroidDriver
at io.appium.java_client.remote.AppiumCommandExecutor.lambda$6(AppiumCommandExecutor.java:259)
at java.base/java.util.Optional.orElseGet(Optional.java:364)
at io.appium.java_client.remote.AppiumCommandExecutor.execute(AppiumCommandExecutor.java:258)
at org.openqa.selenium.remote.RemoteWebDriver.execute(RemoteWebDriver.java:552)
at io.appium.java_client.DefaultGenericMobileDriver.execute(DefaultGenericMobileDriver.java:41)
at io.appium.java_client.AppiumDriver.execute(AppiumDriver.java:1)
at io.appium.java_client.android.AndroidDriver.execute(AndroidDriver.java:1)
at org.openqa.selenium.remote.RemoteWebDriver.startSession(RemoteWebDriver.java:213)
at io.appium.java_client.AppiumDriver.startSession(AppiumDriver.java:338)
at org.openqa.selenium.remote.RemoteWebDriver.<init>(RemoteWebDriver.java:131)
at io.appium.java_client.DefaultGenericMobileDriver.<init>(DefaultGenericMobileDriver.java:37)
at io.appium.java_client.AppiumDriver.<init>(AppiumDriver.java:89)
at io.appium.java_client.AppiumDriver.<init>(AppiumDriver.java:99)
at io.appium.java_client.android.AndroidDriver.<init>(AndroidDriver.java:96)
at LinkCxO2.O.base.TestBaseLinkCxo.LaunchApp(TestBaseLinkCxo.java:51)
at MayurTest.AllTestCasesLinkCxoApp.SetUp(AllTestCasesLinkCxoApp.java:143)
at java.base/jdk.internal.reflect.DirectMethodHandleAccessor.invoke(DirectMethodHandleAccessor.java:103)
at java.base/java.lang.reflect.Method.invoke(Method.java:580)
at org.testng.internal.MethodInvocationHelper.invokeMethod(MethodInvocationHelper.java:133)
at org.testng.internal.MethodInvocationHelper.invokeMethodConsideringTimeout(MethodInvocationHelper.java:62)
at org.testng.internal.ConfigInvoker.invokeConfigurationMethod(ConfigInvoker.java:385)
at org.testng.internal.ConfigInvoker.invokeConfigurations(ConfigInvoker.java:321)
at org.testng.TestRunner.invokeTestConfigurations(TestRunner.java:637)
at org.testng.TestRunner.beforeRun(TestRunner.java:627)
at org.testng.TestRunner.run(TestRunner.java:589)
at org.testng.SuiteRunner.runTest(SuiteRunner.java:377)
at org.testng.SuiteRunner.runSequentially(SuiteRunner.java:371)
at org.testng.SuiteRunner.privateRun(SuiteRunner.java:332)
at org.testng.SuiteRunner.run(SuiteRunner.java:276)
at org.testng.SuiteRunnerWorker.runSuite(SuiteRunnerWorker.java:53)
at org.testng.SuiteRunnerWorker.run(SuiteRunnerWorker.java:96)
at org.testng.TestNG.runSuitesSequentially(TestNG.java:1212)
at org.testng.TestNG.runSuitesLocally(TestNG.java:1134)
at org.testng.TestNG.runSuites(TestNG.java:1063)
at org.testng.TestNG.run(TestNG.java:1031)
at org.testng.remote.AbstractRemoteTestNG.run(AbstractRemoteTestNG.java:115)
at org.testng.remote.RemoteTestNG.initAndRun(RemoteTestNG.java:293)
at org.testng.remote.RemoteTestNG.main(RemoteTestNG.java:91)
Caused by: java.net.ConnectException: Connection refused: getsockopt
at java.base/sun.nio.ch.Net.pollConnect(Native Method)
at java.base/sun.nio.ch.Net.pollConnectNow(Net.java:682)
at java.base/sun.nio.ch.NioSocketImpl.timedFinishConnect(NioSocketImpl.java:542)
at java.base/sun.nio.ch.NioSocketImpl.connect(NioSocketImpl.java:592)
at java.base/java.net.SocksSocketImpl.connect(SocksSocketImpl.java:327)
at java.base/java.net.Socket.connect(Socket.java:751)
at okhttp3.internal.platform.Platform.connectSocket(Platform.java:129)
at okhttp3.internal.connection.RealConnection.connectSocket(RealConnection.java:245)
at okhttp3.internal.connection.RealConnection.connect(RealConnection.java:165)
at okhttp3.internal.connection.StreamAllocation.findConnection(StreamAllocation.java:257)
at okhttp3.internal.connection.StreamAllocation.findHealthyConnection(StreamAllocation.java:135)
at okhttp3.internal.connection.StreamAllocation.newStream(StreamAllocation.java:114)
at okhttp3.internal.connection.ConnectInterceptor.intercept(ConnectInterceptor.java:42)
at okhttp3.internal.http.RealInterceptorChain.proceed(RealInterceptorChain.java:147)
at okhttp3.internal.http.RealInterceptorChain.proceed(RealInterceptorChain.java:121)
at okhttp3.internal.cache.CacheInterceptor.intercept(CacheInterceptor.java:93)
at okhttp3.internal.http.RealInterceptorChain.proceed(RealInterceptorChain.java:147)
at okhttp3.internal.http.RealInterceptorChain.proceed(RealInterceptorChain.java:121)
at okhttp3.internal.http.BridgeInterceptor.intercept(BridgeInterceptor.java:93)
at okhttp3.internal.http.RealInterceptorChain.proceed(RealInterceptorChain.java:147)
at okhttp3.internal.http.RetryAndFollowUpInterceptor.intercept(RetryAndFollowUpInterceptor.java:126)
at okhttp3.internal.http.RealInterceptorChain.proceed(RealInterceptorChain.java:147)
at okhttp3.internal.http.RealInterceptorChain.proceed(RealInterceptorChain.java:121)
at okhttp3.RealCall.getResponseWithInterceptorChain(RealCall.java:200)
at okhttp3.RealCall.execute(RealCall.java:77)
at org.openqa.selenium.remote.internal.OkHttpClient.execute(OkHttpClient.java:103)
at io.appium.java_client.remote.AppiumCommandExecutor.lambda$1(AppiumCommandExecutor.java:162)
at org.openqa.selenium.remote.ProtocolHandshake.createSession(ProtocolHandshake.java:105)
at java.base/jdk.internal.reflect.DirectMethodHandleAccessor.invoke(DirectMethodHandleAccessor.java:103)
at java.base/java.lang.reflect.Method.invoke(Method.java:580)
at io.appium.java_client.remote.AppiumCommandExecutor$1.createSession(AppiumCommandExecutor.java:193)
at io.appium.java_client.remote.AppiumCommandExecutor.createSession(AppiumCommandExecutor.java:225)
at io.appium.java_client.remote.AppiumCommandExecutor.execute(AppiumCommandExecutor.java:247)
... 35 more
]]>
    </error>
  </testcase> <!-- SetUp -->
  <system-out/>
  <testcase classname="MayurTest.AllTestCasesLinkCxoApp" name="LoginInWithEmailid" time="0.000">
    <skipped/>
  </testcase> <!-- LoginInWithEmailid -->
  <system-out/>
  <testcase classname="MayurTest.AllTestCasesLinkCxoApp" name="CreatePost" time="0.000">
    <skipped/>
  </testcase> <!-- CreatePost -->
  <system-out/>
  <testcase classname="MayurTest.AllTestCasesLinkCxoApp" name="ComposeArticle" time="0.000">
    <skipped/>
  </testcase> <!-- ComposeArticle -->
  <system-out/>
  <testcase classname="MayurTest.AllTestCasesLinkCxoApp" name="CreatePoll" time="0.000">
    <skipped/>
  </testcase> <!-- CreatePoll -->
  <system-out/>
  <testcase classname="MayurTest.AllTestCasesLinkCxoApp" name="PostAsQuery" time="0.000">
    <skipped/>
  </testcase> <!-- PostAsQuery -->
  <system-out/>
  <testcase classname="MayurTest.AllTestCasesLinkCxoApp" name="CreateSurvey" time="0.000">
    <skipped/>
  </testcase> <!-- CreateSurvey -->
  <system-out/>
  <testcase classname="MayurTest.AllTestCasesLinkCxoApp" name="EditProfileFull">
    <skipped/>
  </testcase> <!-- EditProfileFull -->
  <system-out/>
  <testcase classname="MayurTest.AllTestCasesLinkCxoApp" name="CreateJobinCompany">
    <skipped/>
  </testcase> <!-- CreateJobinCompany -->
  <system-out/>
  <testcase classname="MayurTest.AllTestCasesLinkCxoApp" name="PostAsQueryinCompany">
    <skipped/>
  </testcase> <!-- PostAsQueryinCompany -->
  <system-out/>
  <testcase classname="MayurTest.AllTestCasesLinkCxoApp" name="NewUSerSignUP">
    <skipped/>
  </testcase> <!-- NewUSerSignUP -->
  <system-out/>
  <testcase classname="MayurTest.AllTestCasesLinkCxoApp" name="CreateClub">
    <skipped/>
  </testcase> <!-- CreateClub -->
  <system-out/>
  <testcase classname="MayurTest.AllTestCasesLinkCxoApp" name="CreateNewEvent">
    <skipped/>
  </testcase> <!-- CreateNewEvent -->
  <system-out/>
  <testcase classname="MayurTest.AllTestCasesLinkCxoApp" name="CreatePollinCompany">
    <skipped/>
  </testcase> <!-- CreatePollinCompany -->
  <system-out/>
  <testcase classname="MayurTest.AllTestCasesLinkCxoApp" name="ClubComposeAnArticle">
    <skipped/>
  </testcase> <!-- ClubComposeAnArticle -->
  <system-out/>
  <testcase classname="MayurTest.AllTestCasesLinkCxoApp" name="CreateSurveyinCompany">
    <skipped/>
  </testcase> <!-- CreateSurveyinCompany -->
  <system-out/>
  <testcase classname="MayurTest.AllTestCasesLinkCxoApp" name="CreateASurvetinClub">
    <skipped/>
  </testcase> <!-- CreateASurvetinClub -->
  <system-out/>
  <testcase classname="MayurTest.AllTestCasesLinkCxoApp" name="CreateNewJob">
    <skipped/>
  </testcase> <!-- CreateNewJob -->
  <system-out/>
  <testcase classname="MayurTest.AllTestCasesLinkCxoApp" name="ChangeCandidateStaus">
    <skipped/>
  </testcase> <!-- ChangeCandidateStaus -->
  <system-out/>
  <testcase classname="MayurTest.AllTestCasesLinkCxoApp" name="ApplyJob">
    <skipped/>
  </testcase> <!-- ApplyJob -->
  <system-out/>
  <testcase classname="MayurTest.AllTestCasesLinkCxoApp" name="PostAsQueryinClub">
    <skipped/>
  </testcase> <!-- PostAsQueryinClub -->
  <system-out/>
  <testcase classname="MayurTest.AllTestCasesLinkCxoApp" name="CreatePollinClub">
    <skipped/>
  </testcase> <!-- CreatePollinClub -->
  <system-out/>
  <testcase classname="MayurTest.AllTestCasesLinkCxoApp" name="ComposeAnArticleinCompany">
    <skipped/>
  </testcase> <!-- ComposeAnArticleinCompany -->
  <system-out/>
  <testcase classname="MayurTest.AllTestCasesLinkCxoApp" name="ClubCreatePost">
    <skipped/>
  </testcase> <!-- ClubCreatePost -->
  <system-out/>
  <testcase classname="MayurTest.AllTestCasesLinkCxoApp" name="CreatePostinCompany">
    <skipped/>
  </testcase> <!-- CreatePostinCompany -->
  <system-out/>
</testsuite> <!-- MayurTest.AllTestCasesLinkCxoApp -->
