<?xml version="1.0" encoding="UTF-8"?>
<!-- Generated by org.testng.reporters.JUnitReportReporter -->
<testsuite hostname="LX-BLR-LT-002" failures="0" tests="16" name="MayurTest.AllTestCasesLinkCxoApp" time="101.587" errors="0" timestamp="2024-06-11T11:21:02 IST" skipped="14">
  <testcase classname="MayurTest.AllTestCasesLinkCxoApp" name="LoginInWithEmailid" time="17.471"/>
  <system-out/>
  <testcase classname="MayurTest.AllTestCasesLinkCxoApp" name="CreateSurveyinCompany" time="84.116"/>
  <system-out/>
  <testcase classname="MayurTest.AllTestCasesLinkCxoApp" name="EditProfileFull">
    <skipped/>
  </testcase> <!-- EditProfileFull -->
  <system-out/>
  <testcase classname="MayurTest.AllTestCasesLinkCxoApp" name="CreatePost">
    <skipped/>
  </testcase> <!-- CreatePost -->
  <system-out/>
  <testcase classname="MayurTest.AllTestCasesLinkCxoApp" name="NewUSerSignUP">
    <skipped/>
  </testcase> <!-- NewUSerSignUP -->
  <system-out/>
  <testcase classname="MayurTest.AllTestCasesLinkCxoApp" name="CreateClub">
    <skipped/>
  </testcase> <!-- CreateClub -->
  <system-out/>
  <testcase classname="MayurTest.AllTestCasesLinkCxoApp" name="CreateSurvey">
    <skipped/>
  </testcase> <!-- CreateSurvey -->
  <system-out/>
  <testcase classname="MayurTest.AllTestCasesLinkCxoApp" name="CreateNewEvent">
    <skipped/>
  </testcase> <!-- CreateNewEvent -->
  <system-out/>
  <testcase classname="MayurTest.AllTestCasesLinkCxoApp" name="CreatePollinCompany">
    <skipped/>
  </testcase> <!-- CreatePollinCompany -->
  <system-out/>
  <testcase classname="MayurTest.AllTestCasesLinkCxoApp" name="PostAsQuery">
    <skipped/>
  </testcase> <!-- PostAsQuery -->
  <system-out/>
  <testcase classname="MayurTest.AllTestCasesLinkCxoApp" name="CreateNewJob">
    <skipped/>
  </testcase> <!-- CreateNewJob -->
  <system-out/>
  <testcase classname="MayurTest.AllTestCasesLinkCxoApp" name="ApplyJob">
    <skipped/>
  </testcase> <!-- ApplyJob -->
  <system-out/>
  <testcase classname="MayurTest.AllTestCasesLinkCxoApp" name="CreatePoll">
    <skipped/>
  </testcase> <!-- CreatePoll -->
  <system-out/>
  <testcase classname="MayurTest.AllTestCasesLinkCxoApp" name="ComposeAnArticleinCompany">
    <skipped/>
  </testcase> <!-- ComposeAnArticleinCompany -->
  <system-out/>
  <testcase classname="MayurTest.AllTestCasesLinkCxoApp" name="ComposeArticle">
    <skipped/>
  </testcase> <!-- ComposeArticle -->
  <system-out/>
  <testcase classname="MayurTest.AllTestCasesLinkCxoApp" name="CreatePostinCompany">
    <skipped/>
  </testcase> <!-- CreatePostinCompany -->
  <system-out/>
</testsuite> <!-- MayurTest.AllTestCasesLinkCxoApp -->
