<?xml version="1.0" encoding="UTF-8"?>
<!-- Generated by org.testng.reporters.JUnitReportReporter -->
<testsuite hostname="LX-BLR-LT-002" failures="0" tests="24" name="MayurTest.AllTestCasesLinkCxoApp" time="45.896" errors="0" timestamp="2024-11-22T14:29:53 IST" skipped="22">
  <testcase classname="MayurTest.AllTestCasesLinkCxoApp" name="LoginInWithEmailid" time="20.531"/>
  <system-out/>
  <testcase classname="MayurTest.AllTestCasesLinkCxoApp" name="PostAsQueryinCompany" time="25.365"/>
  <system-out/>
  <testcase classname="MayurTest.AllTestCasesLinkCxoApp" name="EditProfileFull">
    <skipped/>
  </testcase> <!-- EditProfileFull -->
  <system-out/>
  <testcase classname="MayurTest.AllTestCasesLinkCxoApp" name="CreatePost">
    <skipped/>
  </testcase> <!-- CreatePost -->
  <system-out/>
  <testcase classname="MayurTest.AllTestCasesLinkCxoApp" name="CreateJobinCompany">
    <skipped/>
  </testcase> <!-- CreateJobinCompany -->
  <system-out/>
  <testcase classname="MayurTest.AllTestCasesLinkCxoApp" name="NewUSerSignUP">
    <skipped/>
  </testcase> <!-- NewUSerSignUP -->
  <system-out/>
  <testcase classname="MayurTest.AllTestCasesLinkCxoApp" name="CreateClub">
    <skipped/>
  </testcase> <!-- CreateClub -->
  <system-out/>
  <testcase classname="MayurTest.AllTestCasesLinkCxoApp" name="CreateSurvey">
    <skipped/>
  </testcase> <!-- CreateSurvey -->
  <system-out/>
  <testcase classname="MayurTest.AllTestCasesLinkCxoApp" name="CreateNewEvent">
    <skipped/>
  </testcase> <!-- CreateNewEvent -->
  <system-out/>
  <testcase classname="MayurTest.AllTestCasesLinkCxoApp" name="CreatePollinCompany">
    <skipped/>
  </testcase> <!-- CreatePollinCompany -->
  <system-out/>
  <testcase classname="MayurTest.AllTestCasesLinkCxoApp" name="ClubComposeAnArticle">
    <skipped/>
  </testcase> <!-- ClubComposeAnArticle -->
  <system-out/>
  <testcase classname="MayurTest.AllTestCasesLinkCxoApp" name="CreateSurveyinCompany">
    <skipped/>
  </testcase> <!-- CreateSurveyinCompany -->
  <system-out/>
  <testcase classname="MayurTest.AllTestCasesLinkCxoApp" name="CreateASurvetinClub">
    <skipped/>
  </testcase> <!-- CreateASurvetinClub -->
  <system-out/>
  <testcase classname="MayurTest.AllTestCasesLinkCxoApp" name="PostAsQuery">
    <skipped/>
  </testcase> <!-- PostAsQuery -->
  <system-out/>
  <testcase classname="MayurTest.AllTestCasesLinkCxoApp" name="CreateNewJob">
    <skipped/>
  </testcase> <!-- CreateNewJob -->
  <system-out/>
  <testcase classname="MayurTest.AllTestCasesLinkCxoApp" name="ChangeCandidateStaus">
    <skipped/>
  </testcase> <!-- ChangeCandidateStaus -->
  <system-out/>
  <testcase classname="MayurTest.AllTestCasesLinkCxoApp" name="ApplyJob">
    <skipped/>
  </testcase> <!-- ApplyJob -->
  <system-out/>
  <testcase classname="MayurTest.AllTestCasesLinkCxoApp" name="PostAsQueryinClub">
    <skipped/>
  </testcase> <!-- PostAsQueryinClub -->
  <system-out/>
  <testcase classname="MayurTest.AllTestCasesLinkCxoApp" name="CreatePollinClub">
    <skipped/>
  </testcase> <!-- CreatePollinClub -->
  <system-out/>
  <testcase classname="MayurTest.AllTestCasesLinkCxoApp" name="CreatePoll">
    <skipped/>
  </testcase> <!-- CreatePoll -->
  <system-out/>
  <testcase classname="MayurTest.AllTestCasesLinkCxoApp" name="ComposeAnArticleinCompany">
    <skipped/>
  </testcase> <!-- ComposeAnArticleinCompany -->
  <system-out/>
  <testcase classname="MayurTest.AllTestCasesLinkCxoApp" name="ClubCreatePost">
    <skipped/>
  </testcase> <!-- ClubCreatePost -->
  <system-out/>
  <testcase classname="MayurTest.AllTestCasesLinkCxoApp" name="ComposeArticle">
    <skipped/>
  </testcase> <!-- ComposeArticle -->
  <system-out/>
  <testcase classname="MayurTest.AllTestCasesLinkCxoApp" name="CreatePostinCompany">
    <skipped/>
  </testcase> <!-- CreatePostinCompany -->
  <system-out/>
</testsuite> <!-- MayurTest.AllTestCasesLinkCxoApp -->
