<?xml version="1.0" encoding="UTF-8"?>
<!-- Generated by org.testng.reporters.JUnitReportReporter -->
<testsuite hostname="LX-BLR-LT-002" failures="0" tests="24" name="MayurTest.UpdatedAllTestCasesLinkCxoApp" time="42.294" errors="0" timestamp="2024-08-20T15:21:40 IST" skipped="22">
  <testcase classname="MayurTest.UpdatedAllTestCasesLinkCxoApp" name="LoginInWithEmailid" time="19.957"/>
  <system-out/>
  <testcase classname="MayurTest.UpdatedAllTestCasesLinkCxoApp" name="CreatePost" time="22.337"/>
  <system-out/>
  <testcase classname="MayurTest.UpdatedAllTestCasesLinkCxoApp" name="CreateNewEvent">
    <skipped/>
  </testcase> <!-- CreateNewEvent -->
  <system-out/>
  <testcase classname="MayurTest.UpdatedAllTestCasesLinkCxoApp" name="ChangeCandidateStaus">
    <skipped/>
  </testcase> <!-- ChangeCandidateStaus -->
  <system-out/>
  <testcase classname="MayurTest.UpdatedAllTestCasesLinkCxoApp" name="CreateASurvetinClub">
    <skipped/>
  </testcase> <!-- CreateASurvetinClub -->
  <system-out/>
  <testcase classname="MayurTest.UpdatedAllTestCasesLinkCxoApp" name="ClubComposeAnArticle">
    <skipped/>
  </testcase> <!-- ClubComposeAnArticle -->
  <system-out/>
  <testcase classname="MayurTest.UpdatedAllTestCasesLinkCxoApp" name="CreatePollinCompany">
    <skipped/>
  </testcase> <!-- CreatePollinCompany -->
  <system-out/>
  <testcase classname="MayurTest.UpdatedAllTestCasesLinkCxoApp" name="NewUSerSignUP">
    <skipped/>
  </testcase> <!-- NewUSerSignUP -->
  <system-out/>
  <testcase classname="MayurTest.UpdatedAllTestCasesLinkCxoApp" name="CreatePoll">
    <skipped/>
  </testcase> <!-- CreatePoll -->
  <system-out/>
  <testcase classname="MayurTest.UpdatedAllTestCasesLinkCxoApp" name="EditProfileFull">
    <skipped/>
  </testcase> <!-- EditProfileFull -->
  <system-out/>
  <testcase classname="MayurTest.UpdatedAllTestCasesLinkCxoApp" name="CreateSurvey">
    <skipped/>
  </testcase> <!-- CreateSurvey -->
  <system-out/>
  <testcase classname="MayurTest.UpdatedAllTestCasesLinkCxoApp" name="ClubCreatePost">
    <skipped/>
  </testcase> <!-- ClubCreatePost -->
  <system-out/>
  <testcase classname="MayurTest.UpdatedAllTestCasesLinkCxoApp" name="CreateJobinCompany">
    <skipped/>
  </testcase> <!-- CreateJobinCompany -->
  <system-out/>
  <testcase classname="MayurTest.UpdatedAllTestCasesLinkCxoApp" name="ComposeArticle">
    <skipped/>
  </testcase> <!-- ComposeArticle -->
  <system-out/>
  <testcase classname="MayurTest.UpdatedAllTestCasesLinkCxoApp" name="CreatePostinCompany">
    <skipped/>
  </testcase> <!-- CreatePostinCompany -->
  <system-out/>
  <testcase classname="MayurTest.UpdatedAllTestCasesLinkCxoApp" name="CreatePollinClub">
    <skipped/>
  </testcase> <!-- CreatePollinClub -->
  <system-out/>
  <testcase classname="MayurTest.UpdatedAllTestCasesLinkCxoApp" name="ComposeAnArticleinCompany">
    <skipped/>
  </testcase> <!-- ComposeAnArticleinCompany -->
  <system-out/>
  <testcase classname="MayurTest.UpdatedAllTestCasesLinkCxoApp" name="CreateClub">
    <skipped/>
  </testcase> <!-- CreateClub -->
  <system-out/>
  <testcase classname="MayurTest.UpdatedAllTestCasesLinkCxoApp" name="PostAsQueryinCompany">
    <skipped/>
  </testcase> <!-- PostAsQueryinCompany -->
  <system-out/>
  <testcase classname="MayurTest.UpdatedAllTestCasesLinkCxoApp" name="PostAsQueryinClub">
    <skipped/>
  </testcase> <!-- PostAsQueryinClub -->
  <system-out/>
  <testcase classname="MayurTest.UpdatedAllTestCasesLinkCxoApp" name="PostAsQuery">
    <skipped/>
  </testcase> <!-- PostAsQuery -->
  <system-out/>
  <testcase classname="MayurTest.UpdatedAllTestCasesLinkCxoApp" name="CreateNewJob">
    <skipped/>
  </testcase> <!-- CreateNewJob -->
  <system-out/>
  <testcase classname="MayurTest.UpdatedAllTestCasesLinkCxoApp" name="CreateSurveyinCompany">
    <skipped/>
  </testcase> <!-- CreateSurveyinCompany -->
  <system-out/>
  <testcase classname="MayurTest.UpdatedAllTestCasesLinkCxoApp" name="ApplyJob">
    <skipped/>
  </testcase> <!-- ApplyJob -->
  <system-out/>
</testsuite> <!-- MayurTest.UpdatedAllTestCasesLinkCxoApp -->
